{"name": "test_number_click[chrome]", "status": "broken", "statusDetails": {"message": "selenium.common.exceptions.TimeoutException: Message:", "trace": "self = <bikroy_com_test_two_three_pom.Tests.test_sylhet_page.Test_Syhlet object at 0x000002B77FF657C0>\n\n    def test_number_click(self):\n        self.syhletPage = SylhetPage(self.driver)\n>       self.syhletPage.click_number_button()\n\ntest_sylhet_page.py:42: \n_ _ _ _ _ _ _ _ _ _ _ _ _ _ _ _ _ _ _ _ _ _ _ _ _ _ _ _ _ _ _ _ _ _ _ _ _ _ _ _ _ _ _ _ _ _ _ _ _ _ _ _ _ _ _ _ _ _ _ _ _ _ _ _ _ _ _ _ _ _ _ _ _ _ _ _ _ _ _ _ _ _ _\n..\\Pages\\SylhetPage.py:55: in click_number_button\n    self.do_click_number_button(self.NUMBER_BUTTON)\n..\\Pages\\BasePage.py:45: in do_click_number_button\n    WebDriverWait(self.driver, 10).until(EC.visibility_of_element_located(by_locator)).click()\n_ _ _ _ _ _ _ _ _ _ _ _ _ _ _ _ _ _ _ _ _ _ _ _ _ _ _ _ _ _ _ _ _ _ _ _ _ _ _ _ _ _ _ _ _ _ _ _ _ _ _ _ _ _ _ _ _ _ _ _ _ _ _ _ _ _ _ _ _ _ _ _ _ _ _ _ _ _ _ _ _ _ _\n\nself = <selenium.webdriver.support.wait.WebDriverWait (session=\"db7846f3262b9edf26672c9b9399085f\")>\nmethod = <selenium.webdriver.support.expected_conditions.visibility_of_element_located object at 0x000002B77FF0CA90>, message = ''\n\n    def until(self, method, message=''):\n        \"\"\"Calls the method provided with the driver as an argument until the \\\n        return value is not False.\"\"\"\n        screen = None\n        stacktrace = None\n    \n        end_time = time.time() + self._timeout\n        while True:\n            try:\n                value = method(self._driver)\n                if value:\n                    return value\n            except self._ignored_exceptions as exc:\n                screen = getattr(exc, 'screen', None)\n                stacktrace = getattr(exc, 'stacktrace', None)\n            time.sleep(self._poll)\n            if time.time() > end_time:\n                break\n>       raise TimeoutException(message, screen, stacktrace)\nE       selenium.common.exceptions.TimeoutException: Message:\n\n..\\..\\venv\\lib\\site-packages\\selenium\\webdriver\\support\\wait.py:80: TimeoutException"}, "parameters": [{"name": "init_driver", "value": "'chrome'"}], "start": 1620906691829, "stop": 1620906706262, "uuid": "d7bde438-1fd8-43a9-acb7-334bd88dbf83", "historyId": "383fa813f120287f4aaf4cd46f95cb43", "testCaseId": "58c4420daff152377a1dcea2ac1f5d03", "fullName": "test_sylhet_page.Test_Syhlet#test_number_click", "labels": [{"name": "tag", "value": "@pytest.mark.usefixtures('init_driver')"}, {"name": "suite", "value": "test_sylhet_page"}, {"name": "subSuite", "value": "Test_Syhlet"}, {"name": "host", "value": "DESKTOP-2M8T8A5"}, {"name": "thread", "value": "3488-MainThread"}, {"name": "framework", "value": "pytest"}, {"name": "language", "value": "cpython3"}, {"name": "package", "value": "test_sylhet_page"}]}