{"name": "test_number_click[chrome]", "status": "broken", "statusDetails": {"message": "selenium.common.exceptions.TimeoutException: Message:", "trace": "self = <bikroy_com_test_two_three_pom.Tests.test_khulna_page.Test_khulna object at 0x000002B77FF0A5B0>\n\n    def test_number_click(self):\n        self.khulnaPage = KhulnaPage(self.driver)\n>       self.khulnaPage.click_number_button()\n\ntest_khulna_page.py:42: \n_ _ _ _ _ _ _ _ _ _ _ _ _ _ _ _ _ _ _ _ _ _ _ _ _ _ _ _ _ _ _ _ _ _ _ _ _ _ _ _ _ _ _ _ _ _ _ _ _ _ _ _ _ _ _ _ _ _ _ _ _ _ _ _ _ _ _ _ _ _ _ _ _ _ _ _ _ _ _ _ _ _ _\n..\\Pages\\KhulnaPage.py:55: in click_number_button\n    self.do_click_number_button(self.NUMBER_BUTTON)\n..\\Pages\\BasePage.py:45: in do_click_number_button\n    WebDriverWait(self.driver, 10).until(EC.visibility_of_element_located(by_locator)).click()\n_ _ _ _ _ _ _ _ _ _ _ _ _ _ _ _ _ _ _ _ _ _ _ _ _ _ _ _ _ _ _ _ _ _ _ _ _ _ _ _ _ _ _ _ _ _ _ _ _ _ _ _ _ _ _ _ _ _ _ _ _ _ _ _ _ _ _ _ _ _ _ _ _ _ _ _ _ _ _ _ _ _ _\n\nself = <selenium.webdriver.support.wait.WebDriverWait (session=\"f8f4dfac8eb23e44592e46b5a439b02a\")>\nmethod = <selenium.webdriver.support.expected_conditions.visibility_of_element_located object at 0x000002B77FF0ABE0>, message = ''\n\n    def until(self, method, message=''):\n        \"\"\"Calls the method provided with the driver as an argument until the \\\n        return value is not False.\"\"\"\n        screen = None\n        stacktrace = None\n    \n        end_time = time.time() + self._timeout\n        while True:\n            try:\n                value = method(self._driver)\n                if value:\n                    return value\n            except self._ignored_exceptions as exc:\n                screen = getattr(exc, 'screen', None)\n                stacktrace = getattr(exc, 'stacktrace', None)\n            time.sleep(self._poll)\n            if time.time() > end_time:\n                break\n>       raise TimeoutException(message, screen, stacktrace)\nE       selenium.common.exceptions.TimeoutException: Message:\n\n..\\..\\venv\\lib\\site-packages\\selenium\\webdriver\\support\\wait.py:80: TimeoutException"}, "parameters": [{"name": "init_driver", "value": "'chrome'"}], "start": 1620906157321, "stop": 1620906172647, "uuid": "7058c0a8-3a5b-45e0-8a89-c789c4257fb4", "historyId": "ec63c3f235232a93af6d06268859e094", "testCaseId": "b0e5f03680a4d00c754ed078db27a0cb", "fullName": "test_khulna_page.Test_khulna#test_number_click", "labels": [{"name": "tag", "value": "@pytest.mark.usefixtures('init_driver')"}, {"name": "suite", "value": "test_khulna_page"}, {"name": "subSuite", "value": "Test_khulna"}, {"name": "host", "value": "DESKTOP-2M8T8A5"}, {"name": "thread", "value": "3488-MainThread"}, {"name": "framework", "value": "pytest"}, {"name": "language", "value": "cpython3"}, {"name": "package", "value": "test_khulna_page"}]}